2021-05-05 17:06:33.013  INFO 16659 --- [main] c.h.a.c.CustomScannersServiceApplication : Starting CustomScannersServiceApplication on rudy-ThinkPad-T480s with PID 16659 (/home/rudy/.vscode/extensions/hcltechnologies.hclappscancodesweep-1.1.3/lib/custom-scanners-service-1.0.10.jar started by rudy in /home/rudy/Documents/Perso/Exium)
2021-05-05 17:06:33.019  INFO 16659 --- [main] c.h.a.c.CustomScannersServiceApplication : No active profile set, falling back to default profiles: default
2021-05-05 17:06:35.715  INFO 16659 --- [main] o.s.b.w.embedded.tomcat.TomcatWebServer  : Tomcat initialized with port(s): 9221 (http)
2021-05-05 17:06:35.728  INFO 16659 --- [main] o.apache.catalina.core.StandardService   : Starting service [Tomcat]
2021-05-05 17:06:35.728  INFO 16659 --- [main] org.apache.catalina.core.StandardEngine  : Starting Servlet engine: [Apache Tomcat/9.0.29]
2021-05-05 17:06:35.805  INFO 16659 --- [main] o.a.c.c.C.[Tomcat].[localhost].[/]       : Initializing Spring embedded WebApplicationContext
2021-05-05 17:06:35.805 DEBUG 16659 --- [main] o.s.web.context.ContextLoader            : Published root WebApplicationContext as ServletContext attribute with name [org.springframework.web.context.WebApplicationContext.ROOT]
2021-05-05 17:06:35.805  INFO 16659 --- [main] o.s.web.context.ContextLoader            : Root WebApplicationContext: initialization completed in 2705 ms
2021-05-05 17:06:35.976 DEBUG 16659 --- [main] o.s.b.w.s.ServletContextInitializerBeans : Mapping filters: filterRegistrationBean urls=[/*] order=-2147483647, characterEncodingFilter urls=[/*] order=-2147483648, formContentFilter urls=[/*] order=-9900, requestContextFilter urls=[/*] order=-105
2021-05-05 17:06:35.976 DEBUG 16659 --- [main] o.s.b.w.s.ServletContextInitializerBeans : Mapping servlets: dispatcherServlet urls=[/]
2021-05-05 17:06:37.450 DEBUG 16659 --- [main] s.w.s.m.m.a.RequestMappingHandlerMapping : 19 mappings in 'requestMappingHandlerMapping'
2021-05-05 17:06:37.507  INFO 16659 --- [main] o.s.b.a.e.web.EndpointLinksResolver      : Exposing 2 endpoint(s) beneath base path '/actuator'
2021-05-05 17:06:37.610  INFO 16659 --- [main] pertySourcedRequestMappingHandlerMapping : Mapped URL path [/v2/api-docs] onto method [springfox.documentation.swagger2.web.Swagger2Controller#getDocumentation(String, HttpServletRequest)]
2021-05-05 17:06:37.740  INFO 16659 --- [main] o.s.s.concurrent.ThreadPoolTaskExecutor  : Initializing ExecutorService 'applicationTaskExecutor'
2021-05-05 17:06:37.771 DEBUG 16659 --- [main] s.w.s.m.m.a.RequestMappingHandlerAdapter : ControllerAdvice beans: 0 @ModelAttribute, 0 @InitBinder, 1 RequestBodyAdvice, 1 ResponseBodyAdvice
2021-05-05 17:06:37.963 DEBUG 16659 --- [main] o.s.w.s.handler.SimpleUrlHandlerMapping  : Patterns [/webjars/**, /**] in 'resourceHandlerMapping'
2021-05-05 17:06:37.976 DEBUG 16659 --- [main] .m.m.a.ExceptionHandlerExceptionResolver : ControllerAdvice beans: 1 @ExceptionHandler, 1 ResponseBodyAdvice
2021-05-05 17:06:38.060  INFO 16659 --- [main] d.s.w.p.DocumentationPluginsBootstrapper : Context refreshed
2021-05-05 17:06:38.094  INFO 16659 --- [main] d.s.w.p.DocumentationPluginsBootstrapper : Found 1 custom documentation plugin(s)
2021-05-05 17:06:38.147  INFO 16659 --- [main] s.d.s.w.s.ApiListingReferenceScanner     : Scanning for api listing references
2021-05-05 17:06:38.586  INFO 16659 --- [main] o.s.b.w.embedded.tomcat.TomcatWebServer  : Tomcat started on port(s): 9221 (http) with context path ''
2021-05-05 17:06:38.590  INFO 16659 --- [main] c.h.a.c.CustomScannersServiceApplication : Started CustomScannersServiceApplication in 6.409 seconds (JVM running for 7.222)
2021-05-05 17:06:38.689  INFO 16659 --- [http-nio-9221-exec-1] o.a.c.c.C.[Tomcat].[localhost].[/]       : Initializing Spring DispatcherServlet 'dispatcherServlet'
2021-05-05 17:06:38.690  INFO 16659 --- [http-nio-9221-exec-1] o.s.web.servlet.DispatcherServlet        : Initializing Servlet 'dispatcherServlet'
2021-05-05 17:06:38.690 DEBUG 16659 --- [http-nio-9221-exec-1] o.s.web.servlet.DispatcherServlet        : Detected StandardServletMultipartResolver
2021-05-05 17:06:38.698 DEBUG 16659 --- [http-nio-9221-exec-1] o.s.web.servlet.DispatcherServlet        : enableLoggingRequestDetails='false': request parameters and headers will be masked to prevent unsafe logging of potentially sensitive data
2021-05-05 17:06:38.698  INFO 16659 --- [http-nio-9221-exec-1] o.s.web.servlet.DispatcherServlet        : Completed initialization in 8 ms
2021-05-05 17:06:38.710 DEBUG 16659 --- [http-nio-9221-exec-1] o.s.web.servlet.DispatcherServlet        : GET "/v1/scanRules", parameters={}
2021-05-05 17:06:38.721 DEBUG 16659 --- [http-nio-9221-exec-1] s.w.s.m.m.a.RequestMappingHandlerMapping : Mapped to com.hcl.appscan.customscannersservice.controller.CustomScannersController#getScanRules(String[])
2021-05-05 17:06:38.754 DEBUG 16659 --- [http-nio-9221-exec-1] o.s.w.s.m.m.a.HttpEntityMethodProcessor  : Using 'application/json', given [application/json] and supported [application/json]
2021-05-05 17:06:38.762 DEBUG 16659 --- [http-nio-9221-exec-1] o.s.w.s.m.m.a.HttpEntityMethodProcessor  : Writing [{Golang={com.ouncelabs.languagelite.golang.rules.WeakCryptoGolang=CustomScannersServiceScanRule{rule (truncated)...]
2021-05-05 17:06:38.805 DEBUG 16659 --- [http-nio-9221-exec-1] o.s.web.servlet.DispatcherServlet        : Completed 200 OK
2021-05-05 17:09:56.501 DEBUG 16659 --- [http-nio-9221-exec-2] o.s.web.servlet.DispatcherServlet        : POST "/v1/scanFile", parameters={masked}
2021-05-05 17:09:56.509 DEBUG 16659 --- [http-nio-9221-exec-2] s.w.s.m.m.a.RequestMappingHandlerMapping : Mapped to com.hcl.appscan.customscannersservice.controller.CustomScannersController#runScanFile(MultipartFile, String, int[])
2021-05-05 17:09:56.545 DEBUG 16659 --- [http-nio-9221-exec-2] o.s.w.s.m.m.a.HttpEntityMethodProcessor  : Using 'application/json', given [application/json] and supported [application/json]
2021-05-05 17:09:56.546 DEBUG 16659 --- [http-nio-9221-exec-2] o.s.w.s.m.m.a.HttpEntityMethodProcessor  : Writing [CustomScannerServiceResult{findings=[], articles={}}]
2021-05-05 17:09:56.549 DEBUG 16659 --- [http-nio-9221-exec-2] o.s.web.servlet.DispatcherServlet        : Completed 200 OK
2021-05-05 17:10:07.915 DEBUG 16659 --- [http-nio-9221-exec-3] o.s.web.servlet.DispatcherServlet        : POST "/v1/scanFile", parameters={masked}
2021-05-05 17:10:07.917 DEBUG 16659 --- [http-nio-9221-exec-3] s.w.s.m.m.a.RequestMappingHandlerMapping : Mapped to com.hcl.appscan.customscannersservice.controller.CustomScannersController#runScanFile(MultipartFile, String, int[])
2021-05-05 17:10:08.723 DEBUG 16659 --- [http-nio-9221-exec-3] o.s.w.s.m.m.a.HttpEntityMethodProcessor  : Using 'application/json', given [application/json] and supported [application/json]
2021-05-05 17:10:08.724 DEBUG 16659 --- [http-nio-9221-exec-3] o.s.w.s.m.m.a.HttpEntityMethodProcessor  : Writing [CustomScannerServiceResult{findings=[CustomScannersServiceFinding{file='mod.ts', lineNumber='2193',  (truncated)...]
2021-05-05 17:10:08.788 DEBUG 16659 --- [http-nio-9221-exec-3] o.s.web.servlet.DispatcherServlet        : Completed 200 OK
2021-05-05 17:10:12.303 DEBUG 16659 --- [http-nio-9221-exec-4] o.s.web.servlet.DispatcherServlet        : GET "/v1/ignore/ruleName", parameters={}
2021-05-05 17:10:12.304 DEBUG 16659 --- [http-nio-9221-exec-4] s.w.s.m.m.a.RequestMappingHandlerMapping : Mapped to com.hcl.appscan.customscannersservice.controller.CustomScannersController#getRuleNameIgnoreRules()
2021-05-05 17:10:12.305 DEBUG 16659 --- [http-nio-9221-exec-5] o.s.web.servlet.DispatcherServlet        : POST "/v1/scanFile", parameters={masked}
2021-05-05 17:10:12.305 DEBUG 16659 --- [http-nio-9221-exec-4] o.s.w.s.m.m.a.HttpEntityMethodProcessor  : Using 'application/json', given [application/json] and supported [application/json]
2021-05-05 17:10:12.306 DEBUG 16659 --- [http-nio-9221-exec-5] s.w.s.m.m.a.RequestMappingHandlerMapping : Mapped to com.hcl.appscan.customscannersservice.controller.CustomScannersController#runScanFile(MultipartFile, String, int[])
2021-05-05 17:10:12.311 DEBUG 16659 --- [http-nio-9221-exec-4] o.s.w.s.m.m.a.HttpEntityMethodProcessor  : Writing [[]]
2021-05-05 17:10:12.313 DEBUG 16659 --- [http-nio-9221-exec-4] o.s.web.servlet.DispatcherServlet        : Completed 200 OK
2021-05-05 17:10:12.316 DEBUG 16659 --- [http-nio-9221-exec-5] o.s.w.s.m.m.a.HttpEntityMethodProcessor  : Using 'application/json', given [application/json] and supported [application/json]
2021-05-05 17:10:12.316 DEBUG 16659 --- [http-nio-9221-exec-5] o.s.w.s.m.m.a.HttpEntityMethodProcessor  : Writing [CustomScannerServiceResult{findings=[], articles={}}]
2021-05-05 17:10:12.317 DEBUG 16659 --- [http-nio-9221-exec-5] o.s.web.servlet.DispatcherServlet        : Completed 200 OK
2021-05-05 17:11:21.841 DEBUG 16659 --- [http-nio-9221-exec-6] o.s.web.servlet.DispatcherServlet        : POST "/v1/scanFile", parameters={masked}
2021-05-05 17:11:21.842 DEBUG 16659 --- [http-nio-9221-exec-6] s.w.s.m.m.a.RequestMappingHandlerMapping : Mapped to com.hcl.appscan.customscannersservice.controller.CustomScannersController#runScanFile(MultipartFile, String, int[])
2021-05-05 17:11:22.487 DEBUG 16659 --- [http-nio-9221-exec-6] o.s.w.s.m.m.a.HttpEntityMethodProcessor  : Using 'application/json', given [application/json] and supported [application/json]
2021-05-05 17:11:22.488 DEBUG 16659 --- [http-nio-9221-exec-6] o.s.w.s.m.m.a.HttpEntityMethodProcessor  : Writing [CustomScannerServiceResult{findings=[CustomScannersServiceFinding{file='mod.ts', lineNumber='2199',  (truncated)...]
2021-05-05 17:11:22.495 DEBUG 16659 --- [http-nio-9221-exec-6] o.s.web.servlet.DispatcherServlet        : Completed 200 OK
2021-05-05 17:12:08.084 DEBUG 16659 --- [http-nio-9221-exec-7] o.s.web.servlet.DispatcherServlet        : GET "/v1/ignore/ruleName", parameters={}
2021-05-05 17:12:08.086 DEBUG 16659 --- [http-nio-9221-exec-7] s.w.s.m.m.a.RequestMappingHandlerMapping : Mapped to com.hcl.appscan.customscannersservice.controller.CustomScannersController#getRuleNameIgnoreRules()
2021-05-05 17:12:08.086 DEBUG 16659 --- [http-nio-9221-exec-8] o.s.web.servlet.DispatcherServlet        : POST "/v1/scanFile", parameters={masked}
2021-05-05 17:12:08.086 DEBUG 16659 --- [http-nio-9221-exec-7] o.s.w.s.m.m.a.HttpEntityMethodProcessor  : Using 'application/json', given [application/json] and supported [application/json]
2021-05-05 17:12:08.086 DEBUG 16659 --- [http-nio-9221-exec-7] o.s.w.s.m.m.a.HttpEntityMethodProcessor  : Writing [[]]
2021-05-05 17:12:08.087 DEBUG 16659 --- [http-nio-9221-exec-8] s.w.s.m.m.a.RequestMappingHandlerMapping : Mapped to com.hcl.appscan.customscannersservice.controller.CustomScannersController#runScanFile(MultipartFile, String, int[])
2021-05-05 17:12:08.089 DEBUG 16659 --- [http-nio-9221-exec-7] o.s.web.servlet.DispatcherServlet        : Completed 200 OK
2021-05-05 17:12:08.101 DEBUG 16659 --- [http-nio-9221-exec-8] .m.m.a.ExceptionHandlerExceptionResolver : Using @ExceptionHandler com.hcl.appscan.customscannersservice.controller.CustomScannersControllerAdvice#handleInvalidArgument(IllegalArgumentException)
2021-05-05 17:12:08.110 DEBUG 16659 --- [http-nio-9221-exec-8] o.s.w.s.m.m.a.HttpEntityMethodProcessor  : Using 'application/json', given [application/json] and supported [application/json, application/*+json, application/json, application/*+json]
2021-05-05 17:12:08.112 DEBUG 16659 --- [http-nio-9221-exec-8] o.s.w.s.m.m.a.HttpEntityMethodProcessor  : Writing [com.hcl.appscan.customscannersservice.controller.CustomScannersControllerAdvice$ErrorMessage@3d7f2b5]
2021-05-05 17:12:08.115 DEBUG 16659 --- [http-nio-9221-exec-8] .m.m.a.ExceptionHandlerExceptionResolver : Resolved [java.lang.IllegalArgumentException: The following file extension is not supported: json]
2021-05-05 17:12:08.115 DEBUG 16659 --- [http-nio-9221-exec-8] o.s.web.servlet.DispatcherServlet        : Completed 422 UNPROCESSABLE_ENTITY
2021-05-05 17:12:12.498 DEBUG 16659 --- [http-nio-9221-exec-9] o.s.web.servlet.DispatcherServlet        : GET "/v1/ignore/ruleName", parameters={}
2021-05-05 17:12:12.499 DEBUG 16659 --- [http-nio-9221-exec-9] s.w.s.m.m.a.RequestMappingHandlerMapping : Mapped to com.hcl.appscan.customscannersservice.controller.CustomScannersController#getRuleNameIgnoreRules()
2021-05-05 17:12:12.499 DEBUG 16659 --- [http-nio-9221-exec-10] o.s.web.servlet.DispatcherServlet        : POST "/v1/scanFile", parameters={masked}
2021-05-05 17:12:12.499 DEBUG 16659 --- [http-nio-9221-exec-9] o.s.w.s.m.m.a.HttpEntityMethodProcessor  : Using 'application/json', given [application/json] and supported [application/json]
2021-05-05 17:12:12.500 DEBUG 16659 --- [http-nio-9221-exec-10] s.w.s.m.m.a.RequestMappingHandlerMapping : Mapped to com.hcl.appscan.customscannersservice.controller.CustomScannersController#runScanFile(MultipartFile, String, int[])
2021-05-05 17:12:12.500 DEBUG 16659 --- [http-nio-9221-exec-9] o.s.w.s.m.m.a.HttpEntityMethodProcessor  : Writing [[]]
2021-05-05 17:12:12.501 DEBUG 16659 --- [http-nio-9221-exec-9] o.s.web.servlet.DispatcherServlet        : Completed 200 OK
2021-05-05 17:12:12.512 DEBUG 16659 --- [http-nio-9221-exec-10] o.s.w.s.m.m.a.HttpEntityMethodProcessor  : Using 'application/json', given [application/json] and supported [application/json]
2021-05-05 17:12:12.513 DEBUG 16659 --- [http-nio-9221-exec-10] o.s.w.s.m.m.a.HttpEntityMethodProcessor  : Writing [CustomScannerServiceResult{findings=[CustomScannersServiceFinding{file='style_at_rules_charset_test. (truncated)...]
2021-05-05 17:12:12.515 DEBUG 16659 --- [http-nio-9221-exec-10] o.s.web.servlet.DispatcherServlet        : Completed 200 OK
2021-05-05 17:12:34.353 DEBUG 16659 --- [http-nio-9221-exec-1] o.s.web.servlet.DispatcherServlet        : GET "/v1/ignore/ruleName", parameters={}
2021-05-05 17:12:34.354 DEBUG 16659 --- [http-nio-9221-exec-1] s.w.s.m.m.a.RequestMappingHandlerMapping : Mapped to com.hcl.appscan.customscannersservice.controller.CustomScannersController#getRuleNameIgnoreRules()
2021-05-05 17:12:34.355 DEBUG 16659 --- [http-nio-9221-exec-1] o.s.w.s.m.m.a.HttpEntityMethodProcessor  : Using 'application/json', given [application/json] and supported [application/json]
2021-05-05 17:12:34.355 DEBUG 16659 --- [http-nio-9221-exec-1] o.s.w.s.m.m.a.HttpEntityMethodProcessor  : Writing [[]]
2021-05-05 17:12:34.356 DEBUG 16659 --- [http-nio-9221-exec-1] o.s.web.servlet.DispatcherServlet        : Completed 200 OK
2021-05-05 17:12:34.389 DEBUG 16659 --- [http-nio-9221-exec-2] o.s.web.servlet.DispatcherServlet        : GET "/v1/ignore/ruleName", parameters={}
2021-05-05 17:12:34.390 DEBUG 16659 --- [http-nio-9221-exec-2] s.w.s.m.m.a.RequestMappingHandlerMapping : Mapped to com.hcl.appscan.customscannersservice.controller.CustomScannersController#getRuleNameIgnoreRules()
2021-05-05 17:12:34.392 DEBUG 16659 --- [http-nio-9221-exec-2] o.s.w.s.m.m.a.HttpEntityMethodProcessor  : Using 'application/json', given [application/json] and supported [application/json]
2021-05-05 17:12:34.393 DEBUG 16659 --- [http-nio-9221-exec-2] o.s.w.s.m.m.a.HttpEntityMethodProcessor  : Writing [[]]
2021-05-05 17:12:34.395 DEBUG 16659 --- [http-nio-9221-exec-3] o.s.web.servlet.DispatcherServlet        : GET "/v1/ignore/ruleName", parameters={}
2021-05-05 17:12:34.397 DEBUG 16659 --- [http-nio-9221-exec-3] s.w.s.m.m.a.RequestMappingHandlerMapping : Mapped to com.hcl.appscan.customscannersservice.controller.CustomScannersController#getRuleNameIgnoreRules()
2021-05-05 17:12:34.398 DEBUG 16659 --- [http-nio-9221-exec-3] o.s.w.s.m.m.a.HttpEntityMethodProcessor  : Using 'application/json', given [application/json] and supported [application/json]
2021-05-05 17:12:34.398 DEBUG 16659 --- [http-nio-9221-exec-3] o.s.w.s.m.m.a.HttpEntityMethodProcessor  : Writing [[]]
2021-05-05 17:12:34.398 DEBUG 16659 --- [http-nio-9221-exec-4] o.s.web.servlet.DispatcherServlet        : GET "/v1/ignore/ruleName", parameters={}
2021-05-05 17:12:34.399 DEBUG 16659 --- [http-nio-9221-exec-3] o.s.web.servlet.DispatcherServlet        : Completed 200 OK
2021-05-05 17:12:34.399 DEBUG 16659 --- [http-nio-9221-exec-4] s.w.s.m.m.a.RequestMappingHandlerMapping : Mapped to com.hcl.appscan.customscannersservice.controller.CustomScannersController#getRuleNameIgnoreRules()
2021-05-05 17:12:34.400 DEBUG 16659 --- [http-nio-9221-exec-4] o.s.w.s.m.m.a.HttpEntityMethodProcessor  : Using 'application/json', given [application/json] and supported [application/json]
2021-05-05 17:12:34.401 DEBUG 16659 --- [http-nio-9221-exec-4] o.s.w.s.m.m.a.HttpEntityMethodProcessor  : Writing [[]]
2021-05-05 17:12:34.402 DEBUG 16659 --- [http-nio-9221-exec-4] o.s.web.servlet.DispatcherServlet        : Completed 200 OK
2021-05-05 17:12:34.402 DEBUG 16659 --- [http-nio-9221-exec-5] o.s.web.servlet.DispatcherServlet        : GET "/v1/ignore/ruleName", parameters={}
2021-05-05 17:12:34.402 DEBUG 16659 --- [http-nio-9221-exec-6] o.s.web.servlet.DispatcherServlet        : GET "/v1/ignore/ruleName", parameters={}
2021-05-05 17:12:34.403 DEBUG 16659 --- [http-nio-9221-exec-5] s.w.s.m.m.a.RequestMappingHandlerMapping : Mapped to com.hcl.appscan.customscannersservice.controller.CustomScannersController#getRuleNameIgnoreRules()
2021-05-05 17:12:34.403 DEBUG 16659 --- [http-nio-9221-exec-6] s.w.s.m.m.a.RequestMappingHandlerMapping : Mapped to com.hcl.appscan.customscannersservice.controller.CustomScannersController#getRuleNameIgnoreRules()
2021-05-05 17:12:34.404 DEBUG 16659 --- [http-nio-9221-exec-5] o.s.w.s.m.m.a.HttpEntityMethodProcessor  : Using 'application/json', given [application/json] and supported [application/json]
2021-05-05 17:12:34.404 DEBUG 16659 --- [http-nio-9221-exec-6] o.s.w.s.m.m.a.HttpEntityMethodProcessor  : Using 'application/json', given [application/json] and supported [application/json]
2021-05-05 17:12:34.404 DEBUG 16659 --- [http-nio-9221-exec-5] o.s.w.s.m.m.a.HttpEntityMethodProcessor  : Writing [[]]
2021-05-05 17:12:34.404 DEBUG 16659 --- [http-nio-9221-exec-6] o.s.w.s.m.m.a.HttpEntityMethodProcessor  : Writing [[]]
2021-05-05 17:12:34.405 DEBUG 16659 --- [http-nio-9221-exec-6] o.s.web.servlet.DispatcherServlet        : Completed 200 OK
2021-05-05 17:12:34.405 DEBUG 16659 --- [http-nio-9221-exec-7] o.s.web.servlet.DispatcherServlet        : POST "/v1/scanFile", parameters={masked}
2021-05-05 17:12:34.405 DEBUG 16659 --- [http-nio-9221-exec-2] o.s.web.servlet.DispatcherServlet        : Completed 200 OK
2021-05-05 17:12:34.406 DEBUG 16659 --- [http-nio-9221-exec-7] s.w.s.m.m.a.RequestMappingHandlerMapping : Mapped to com.hcl.appscan.customscannersservice.controller.CustomScannersController#runScanFile(MultipartFile, String, int[])
2021-05-05 17:12:34.407 DEBUG 16659 --- [http-nio-9221-exec-5] o.s.web.servlet.DispatcherServlet        : Completed 200 OK
2021-05-05 17:12:34.420 DEBUG 16659 --- [http-nio-9221-exec-7] o.s.w.s.m.m.a.HttpEntityMethodProcessor  : Using 'application/json', given [application/json] and supported [application/json]
2021-05-05 17:12:34.421 DEBUG 16659 --- [http-nio-9221-exec-7] o.s.w.s.m.m.a.HttpEntityMethodProcessor  : Writing [CustomScannerServiceResult{findings=[CustomScannersServiceFinding{file='style_at_rules_charset_test. (truncated)...]
2021-05-05 17:12:34.425 DEBUG 16659 --- [http-nio-9221-exec-7] o.s.web.servlet.DispatcherServlet        : Completed 200 OK
2021-05-05 17:12:34.436 DEBUG 16659 --- [http-nio-9221-exec-8] o.s.web.servlet.DispatcherServlet        : POST "/v1/scanFile", parameters={masked}
2021-05-05 17:12:34.437 DEBUG 16659 --- [http-nio-9221-exec-8] s.w.s.m.m.a.RequestMappingHandlerMapping : Mapped to com.hcl.appscan.customscannersservice.controller.CustomScannersController#runScanFile(MultipartFile, String, int[])
2021-05-05 17:12:34.470 DEBUG 16659 --- [http-nio-9221-exec-8] o.s.w.s.m.m.a.HttpEntityMethodProcessor  : Using 'application/json', given [application/json] and supported [application/json]
2021-05-05 17:12:34.470 DEBUG 16659 --- [http-nio-9221-exec-8] o.s.w.s.m.m.a.HttpEntityMethodProcessor  : Writing [CustomScannerServiceResult{findings=[CustomScannersServiceFinding{file='style_at_rules_constants_tes (truncated)...]
2021-05-05 17:12:34.472 DEBUG 16659 --- [http-nio-9221-exec-8] o.s.web.servlet.DispatcherServlet        : Completed 200 OK
2021-05-05 17:12:34.476 DEBUG 16659 --- [http-nio-9221-exec-9] o.s.web.servlet.DispatcherServlet        : POST "/v1/scanFile", parameters={masked}
2021-05-05 17:12:34.477 DEBUG 16659 --- [http-nio-9221-exec-9] s.w.s.m.m.a.RequestMappingHandlerMapping : Mapped to com.hcl.appscan.customscannersservice.controller.CustomScannersController#runScanFile(MultipartFile, String, int[])
2021-05-05 17:12:34.484 DEBUG 16659 --- [http-nio-9221-exec-9] o.s.w.s.m.m.a.HttpEntityMethodProcessor  : Using 'application/json', given [application/json] and supported [application/json]
2021-05-05 17:12:34.484 DEBUG 16659 --- [http-nio-9221-exec-9] o.s.w.s.m.m.a.HttpEntityMethodProcessor  : Writing [CustomScannerServiceResult{findings=[], articles={}}]
2021-05-05 17:12:34.485 DEBUG 16659 --- [http-nio-9221-exec-9] o.s.web.servlet.DispatcherServlet        : Completed 200 OK
2021-05-05 17:12:43.058 DEBUG 16659 --- [http-nio-9221-exec-10] o.s.web.servlet.DispatcherServlet        : GET "/v1/ignore/ruleName", parameters={}
2021-05-05 17:12:43.060 DEBUG 16659 --- [http-nio-9221-exec-10] s.w.s.m.m.a.RequestMappingHandlerMapping : Mapped to com.hcl.appscan.customscannersservice.controller.CustomScannersController#getRuleNameIgnoreRules()
2021-05-05 17:12:43.061 DEBUG 16659 --- [http-nio-9221-exec-10] o.s.w.s.m.m.a.HttpEntityMethodProcessor  : Using 'application/json', given [application/json] and supported [application/json]
2021-05-05 17:12:43.061 DEBUG 16659 --- [http-nio-9221-exec-10] o.s.w.s.m.m.a.HttpEntityMethodProcessor  : Writing [[]]
2021-05-05 17:12:43.062 DEBUG 16659 --- [http-nio-9221-exec-10] o.s.web.servlet.DispatcherServlet        : Completed 200 OK
2021-05-05 17:12:54.556 DEBUG 16659 --- [http-nio-9221-exec-4] o.s.web.servlet.DispatcherServlet        : GET "/v1/ignore/ruleName", parameters={}
2021-05-05 17:12:54.556 DEBUG 16659 --- [http-nio-9221-exec-1] o.s.web.servlet.DispatcherServlet        : GET "/v1/ignore/ruleName", parameters={}
2021-05-05 17:12:54.556 DEBUG 16659 --- [http-nio-9221-exec-5] o.s.web.servlet.DispatcherServlet        : GET "/v1/ignore/ruleName", parameters={}
2021-05-05 17:12:54.556 DEBUG 16659 --- [http-nio-9221-exec-6] o.s.web.servlet.DispatcherServlet        : GET "/v1/ignore/ruleName", parameters={}
2021-05-05 17:12:54.557 DEBUG 16659 --- [http-nio-9221-exec-2] o.s.web.servlet.DispatcherServlet        : GET "/v1/ignore/ruleName", parameters={}
2021-05-05 17:12:54.556 DEBUG 16659 --- [http-nio-9221-exec-3] o.s.web.servlet.DispatcherServlet        : GET "/v1/ignore/ruleName", parameters={}
2021-05-05 17:12:54.557 DEBUG 16659 --- [http-nio-9221-exec-4] s.w.s.m.m.a.RequestMappingHandlerMapping : Mapped to com.hcl.appscan.customscannersservice.controller.CustomScannersController#getRuleNameIgnoreRules()
2021-05-05 17:12:54.557 DEBUG 16659 --- [http-nio-9221-exec-5] s.w.s.m.m.a.RequestMappingHandlerMapping : Mapped to com.hcl.appscan.customscannersservice.controller.CustomScannersController#getRuleNameIgnoreRules()
2021-05-05 17:12:54.558 DEBUG 16659 --- [http-nio-9221-exec-2] s.w.s.m.m.a.RequestMappingHandlerMapping : Mapped to com.hcl.appscan.customscannersservice.controller.CustomScannersController#getRuleNameIgnoreRules()
2021-05-05 17:12:54.558 DEBUG 16659 --- [http-nio-9221-exec-3] s.w.s.m.m.a.RequestMappingHandlerMapping : Mapped to com.hcl.appscan.customscannersservice.controller.CustomScannersController#getRuleNameIgnoreRules()
2021-05-05 17:12:54.558 DEBUG 16659 --- [http-nio-9221-exec-5] o.s.w.s.m.m.a.HttpEntityMethodProcessor  : Using 'application/json', given [application/json] and supported [application/json]
2021-05-05 17:12:54.558 DEBUG 16659 --- [http-nio-9221-exec-4] o.s.w.s.m.m.a.HttpEntityMethodProcessor  : Using 'application/json', given [application/json] and supported [application/json]
2021-05-05 17:12:54.558 DEBUG 16659 --- [http-nio-9221-exec-2] o.s.w.s.m.m.a.HttpEntityMethodProcessor  : Using 'application/json', given [application/json] and supported [application/json]
2021-05-05 17:12:54.558 DEBUG 16659 --- [http-nio-9221-exec-3] o.s.w.s.m.m.a.HttpEntityMethodProcessor  : Using 'application/json', given [application/json] and supported [application/json]
2021-05-05 17:12:54.558 DEBUG 16659 --- [http-nio-9221-exec-4] o.s.w.s.m.m.a.HttpEntityMethodProcessor  : Writing [[]]
2021-05-05 17:12:54.558 DEBUG 16659 --- [http-nio-9221-exec-5] o.s.w.s.m.m.a.HttpEntityMethodProcessor  : Writing [[]]
2021-05-05 17:12:54.558 DEBUG 16659 --- [http-nio-9221-exec-1] s.w.s.m.m.a.RequestMappingHandlerMapping : Mapped to com.hcl.appscan.customscannersservice.controller.CustomScannersController#getRuleNameIgnoreRules()
2021-05-05 17:12:54.558 DEBUG 16659 --- [http-nio-9221-exec-3] o.s.w.s.m.m.a.HttpEntityMethodProcessor  : Writing [[]]
2021-05-05 17:12:54.558 DEBUG 16659 --- [http-nio-9221-exec-2] o.s.w.s.m.m.a.HttpEntityMethodProcessor  : Writing [[]]
2021-05-05 17:12:54.559 DEBUG 16659 --- [http-nio-9221-exec-1] o.s.w.s.m.m.a.HttpEntityMethodProcessor  : Using 'application/json', given [application/json] and supported [application/json]
2021-05-05 17:12:54.559 DEBUG 16659 --- [http-nio-9221-exec-2] o.s.web.servlet.DispatcherServlet        : Completed 200 OK
2021-05-05 17:12:54.559 DEBUG 16659 --- [http-nio-9221-exec-4] o.s.web.servlet.DispatcherServlet        : Completed 200 OK
2021-05-05 17:12:54.559 DEBUG 16659 --- [http-nio-9221-exec-6] s.w.s.m.m.a.RequestMappingHandlerMapping : Mapped to com.hcl.appscan.customscannersservice.controller.CustomScannersController#getRuleNameIgnoreRules()
2021-05-05 17:12:54.559 DEBUG 16659 --- [http-nio-9221-exec-1] o.s.w.s.m.m.a.HttpEntityMethodProcessor  : Writing [[]]
2021-05-05 17:12:54.560 DEBUG 16659 --- [http-nio-9221-exec-1] o.s.web.servlet.DispatcherServlet        : Completed 200 OK
2021-05-05 17:12:54.560 DEBUG 16659 --- [http-nio-9221-exec-3] o.s.web.servlet.DispatcherServlet        : Completed 200 OK
2021-05-05 17:12:54.560 DEBUG 16659 --- [http-nio-9221-exec-6] o.s.w.s.m.m.a.HttpEntityMethodProcessor  : Using 'application/json', given [application/json] and supported [application/json]
2021-05-05 17:12:54.561 DEBUG 16659 --- [http-nio-9221-exec-6] o.s.w.s.m.m.a.HttpEntityMethodProcessor  : Writing [[]]
2021-05-05 17:12:54.564 DEBUG 16659 --- [http-nio-9221-exec-5] o.s.web.servlet.DispatcherServlet        : Completed 200 OK
2021-05-05 17:12:54.564 DEBUG 16659 --- [http-nio-9221-exec-6] o.s.web.servlet.DispatcherServlet        : Completed 200 OK
2021-05-05 17:13:01.578 DEBUG 16659 --- [http-nio-9221-exec-7] o.s.web.servlet.DispatcherServlet        : GET "/v1/ignore/ruleName", parameters={}
2021-05-05 17:13:01.579 DEBUG 16659 --- [http-nio-9221-exec-7] s.w.s.m.m.a.RequestMappingHandlerMapping : Mapped to com.hcl.appscan.customscannersservice.controller.CustomScannersController#getRuleNameIgnoreRules()
2021-05-05 17:13:01.580 DEBUG 16659 --- [http-nio-9221-exec-7] o.s.w.s.m.m.a.HttpEntityMethodProcessor  : Using 'application/json', given [application/json] and supported [application/json]
2021-05-05 17:13:01.581 DEBUG 16659 --- [http-nio-9221-exec-7] o.s.w.s.m.m.a.HttpEntityMethodProcessor  : Writing [[]]
2021-05-05 17:13:01.582 DEBUG 16659 --- [http-nio-9221-exec-7] o.s.web.servlet.DispatcherServlet        : Completed 200 OK
2021-05-05 17:13:15.168 DEBUG 16659 --- [http-nio-9221-exec-8] o.s.web.servlet.DispatcherServlet        : GET "/v1/ignore/ruleName", parameters={}
2021-05-05 17:13:15.170 DEBUG 16659 --- [http-nio-9221-exec-8] s.w.s.m.m.a.RequestMappingHandlerMapping : Mapped to com.hcl.appscan.customscannersservice.controller.CustomScannersController#getRuleNameIgnoreRules()
2021-05-05 17:13:15.171 DEBUG 16659 --- [http-nio-9221-exec-8] o.s.w.s.m.m.a.HttpEntityMethodProcessor  : Using 'application/json', given [application/json] and supported [application/json]
2021-05-05 17:13:15.172 DEBUG 16659 --- [http-nio-9221-exec-8] o.s.w.s.m.m.a.HttpEntityMethodProcessor  : Writing [[]]
2021-05-05 17:13:15.173 DEBUG 16659 --- [http-nio-9221-exec-8] o.s.web.servlet.DispatcherServlet        : Completed 200 OK
2021-05-05 17:13:15.174 DEBUG 16659 --- [http-nio-9221-exec-9] o.s.web.servlet.DispatcherServlet        : GET "/v1/ignore/ruleName", parameters={}
2021-05-05 17:13:15.174 DEBUG 16659 --- [http-nio-9221-exec-4] o.s.web.servlet.DispatcherServlet        : GET "/v1/ignore/ruleName", parameters={}
2021-05-05 17:13:15.175 DEBUG 16659 --- [http-nio-9221-exec-1] o.s.web.servlet.DispatcherServlet        : GET "/v1/ignore/ruleName", parameters={}
2021-05-05 17:13:15.175 DEBUG 16659 --- [http-nio-9221-exec-2] o.s.web.servlet.DispatcherServlet        : GET "/v1/ignore/ruleName", parameters={}
2021-05-05 17:13:15.175 DEBUG 16659 --- [http-nio-9221-exec-9] s.w.s.m.m.a.RequestMappingHandlerMapping : Mapped to com.hcl.appscan.customscannersservice.controller.CustomScannersController#getRuleNameIgnoreRules()
2021-05-05 17:13:15.174 DEBUG 16659 --- [http-nio-9221-exec-10] o.s.web.servlet.DispatcherServlet        : GET "/v1/ignore/ruleName", parameters={}
2021-05-05 17:13:15.176 DEBUG 16659 --- [http-nio-9221-exec-1] s.w.s.m.m.a.RequestMappingHandlerMapping : Mapped to com.hcl.appscan.customscannersservice.controller.CustomScannersController#getRuleNameIgnoreRules()
2021-05-05 17:13:15.176 DEBUG 16659 --- [http-nio-9221-exec-9] o.s.w.s.m.m.a.HttpEntityMethodProcessor  : Using 'application/json', given [application/json] and supported [application/json]
2021-05-05 17:13:15.176 DEBUG 16659 --- [http-nio-9221-exec-2] s.w.s.m.m.a.RequestMappingHandlerMapping : Mapped to com.hcl.appscan.customscannersservice.controller.CustomScannersController#getRuleNameIgnoreRules()
2021-05-05 17:13:15.176 DEBUG 16659 --- [http-nio-9221-exec-9] o.s.w.s.m.m.a.HttpEntityMethodProcessor  : Writing [[]]
2021-05-05 17:13:15.176 DEBUG 16659 --- [http-nio-9221-exec-10] s.w.s.m.m.a.RequestMappingHandlerMapping : Mapped to com.hcl.appscan.customscannersservice.controller.CustomScannersController#getRuleNameIgnoreRules()
2021-05-05 17:13:15.177 DEBUG 16659 --- [http-nio-9221-exec-2] o.s.w.s.m.m.a.HttpEntityMethodProcessor  : Using 'application/json', given [application/json] and supported [application/json]
2021-05-05 17:13:15.177 DEBUG 16659 --- [http-nio-9221-exec-10] o.s.w.s.m.m.a.HttpEntityMethodProcessor  : Using 'application/json', given [application/json] and supported [application/json]
2021-05-05 17:13:15.177 DEBUG 16659 --- [http-nio-9221-exec-2] o.s.w.s.m.m.a.HttpEntityMethodProcessor  : Writing [[]]
2021-05-05 17:13:15.177 DEBUG 16659 --- [http-nio-9221-exec-10] o.s.w.s.m.m.a.HttpEntityMethodProcessor  : Writing [[]]
2021-05-05 17:13:15.177 DEBUG 16659 --- [http-nio-9221-exec-9] o.s.web.servlet.DispatcherServlet        : Completed 200 OK
2021-05-05 17:13:15.175 DEBUG 16659 --- [http-nio-9221-exec-3] o.s.web.servlet.DispatcherServlet        : GET "/v1/ignore/ruleName", parameters={}
2021-05-05 17:13:15.174 DEBUG 16659 --- [http-nio-9221-exec-8] o.s.web.servlet.DispatcherServlet        : GET "/v1/ignore/ruleName", parameters={}
2021-05-05 17:13:15.178 DEBUG 16659 --- [http-nio-9221-exec-2] o.s.web.servlet.DispatcherServlet        : Completed 200 OK
2021-05-05 17:13:15.179 DEBUG 16659 --- [http-nio-9221-exec-3] s.w.s.m.m.a.RequestMappingHandlerMapping : Mapped to com.hcl.appscan.customscannersservice.controller.CustomScannersController#getRuleNameIgnoreRules()
2021-05-05 17:13:15.178 DEBUG 16659 --- [http-nio-9221-exec-10] o.s.web.servlet.DispatcherServlet        : Completed 200 OK
2021-05-05 17:13:15.186 DEBUG 16659 --- [http-nio-9221-exec-11] o.s.web.servlet.DispatcherServlet        : GET "/v1/ignore/ruleName", parameters={}
2021-05-05 17:13:15.187 DEBUG 16659 --- [http-nio-9221-exec-10] o.s.web.servlet.DispatcherServlet        : GET "/v1/ignore/ruleName", parameters={}
2021-05-05 17:13:15.187 DEBUG 16659 --- [http-nio-9221-exec-11] s.w.s.m.m.a.RequestMappingHandlerMapping : Mapped to com.hcl.appscan.customscannersservice.controller.CustomScannersController#getRuleNameIgnoreRules()
2021-05-05 17:13:15.179 DEBUG 16659 --- [http-nio-9221-exec-8] s.w.s.m.m.a.RequestMappingHandlerMapping : Mapped to com.hcl.appscan.customscannersservice.controller.CustomScannersController#getRuleNameIgnoreRules()
2021-05-05 17:13:15.187 DEBUG 16659 --- [http-nio-9221-exec-10] s.w.s.m.m.a.RequestMappingHandlerMapping : Mapped to com.hcl.appscan.customscannersservice.controller.CustomScannersController#getRuleNameIgnoreRules()
2021-05-05 17:13:15.175 DEBUG 16659 --- [http-nio-9221-exec-4] s.w.s.m.m.a.RequestMappingHandlerMapping : Mapped to com.hcl.appscan.customscannersservice.controller.CustomScannersController#getRuleNameIgnoreRules()
2021-05-05 17:13:15.176 DEBUG 16659 --- [http-nio-9221-exec-1] o.s.w.s.m.m.a.HttpEntityMethodProcessor  : Using 'application/json', given [application/json] and supported [application/json]
2021-05-05 17:13:15.188 DEBUG 16659 --- [http-nio-9221-exec-10] o.s.w.s.m.m.a.HttpEntityMethodProcessor  : Using 'application/json', given [application/json] and supported [application/json]
2021-05-05 17:13:15.188 DEBUG 16659 --- [http-nio-9221-exec-10] o.s.w.s.m.m.a.HttpEntityMethodProcessor  : Writing [[]]
2021-05-05 17:13:15.188 DEBUG 16659 --- [http-nio-9221-exec-1] o.s.w.s.m.m.a.HttpEntityMethodProcessor  : Writing [[]]
2021-05-05 17:13:15.188 DEBUG 16659 --- [http-nio-9221-exec-3] o.s.w.s.m.m.a.HttpEntityMethodProcessor  : Using 'application/json', given [application/json] and supported [application/json]
2021-05-05 17:13:15.188 DEBUG 16659 --- [http-nio-9221-exec-4] o.s.w.s.m.m.a.HttpEntityMethodProcessor  : Using 'application/json', given [application/json] and supported [application/json]
2021-05-05 17:13:15.189 DEBUG 16659 --- [http-nio-9221-exec-4] o.s.w.s.m.m.a.HttpEntityMethodProcessor  : Writing [[]]
2021-05-05 17:13:15.189 DEBUG 16659 --- [http-nio-9221-exec-10] o.s.web.servlet.DispatcherServlet        : Completed 200 OK
2021-05-05 17:13:15.189 DEBUG 16659 --- [http-nio-9221-exec-1] o.s.web.servlet.DispatcherServlet        : Completed 200 OK
2021-05-05 17:13:15.189 DEBUG 16659 --- [http-nio-9221-exec-4] o.s.web.servlet.DispatcherServlet        : Completed 200 OK
2021-05-05 17:13:15.192 DEBUG 16659 --- [http-nio-9221-exec-12] o.s.web.servlet.DispatcherServlet        : POST "/v1/scanFile", parameters={masked}
2021-05-05 17:13:15.194 DEBUG 16659 --- [http-nio-9221-exec-12] s.w.s.m.m.a.RequestMappingHandlerMapping : Mapped to com.hcl.appscan.customscannersservice.controller.CustomScannersController#runScanFile(MultipartFile, String, int[])
2021-05-05 17:13:15.195 DEBUG 16659 --- [http-nio-9221-exec-11] o.s.w.s.m.m.a.HttpEntityMethodProcessor  : Using 'application/json', given [application/json] and supported [application/json]
2021-05-05 17:13:15.195 DEBUG 16659 --- [http-nio-9221-exec-11] o.s.w.s.m.m.a.HttpEntityMethodProcessor  : Writing [[]]
2021-05-05 17:13:15.189 DEBUG 16659 --- [http-nio-9221-exec-3] o.s.w.s.m.m.a.HttpEntityMethodProcessor  : Writing [[]]
2021-05-05 17:13:15.197 DEBUG 16659 --- [http-nio-9221-exec-11] o.s.web.servlet.DispatcherServlet        : Completed 200 OK
2021-05-05 17:13:15.197 DEBUG 16659 --- [http-nio-9221-exec-3] o.s.web.servlet.DispatcherServlet        : Completed 200 OK
2021-05-05 17:13:15.197 DEBUG 16659 --- [http-nio-9221-exec-2] o.s.web.servlet.DispatcherServlet        : GET "/v1/ignore/ruleName", parameters={}
2021-05-05 17:13:15.203 DEBUG 16659 --- [http-nio-9221-exec-2] s.w.s.m.m.a.RequestMappingHandlerMapping : Mapped to com.hcl.appscan.customscannersservice.controller.CustomScannersController#getRuleNameIgnoreRules()
2021-05-05 17:13:15.198 DEBUG 16659 --- [http-nio-9221-exec-9] o.s.web.servlet.DispatcherServlet        : GET "/v1/ignore/ruleName", parameters={}
2021-05-05 17:13:15.206 DEBUG 16659 --- [http-nio-9221-exec-12] o.s.w.s.m.m.a.HttpEntityMethodProcessor  : Using 'application/json', given [application/json] and supported [application/json]
2021-05-05 17:13:15.207 DEBUG 16659 --- [http-nio-9221-exec-9] s.w.s.m.m.a.RequestMappingHandlerMapping : Mapped to com.hcl.appscan.customscannersservice.controller.CustomScannersController#getRuleNameIgnoreRules()
2021-05-05 17:13:15.207 DEBUG 16659 --- [http-nio-9221-exec-12] o.s.w.s.m.m.a.HttpEntityMethodProcessor  : Writing [CustomScannerServiceResult{findings=[CustomScannersServiceFinding{file='style_at_rules_charset_test. (truncated)...]
2021-05-05 17:13:15.188 DEBUG 16659 --- [http-nio-9221-exec-8] o.s.w.s.m.m.a.HttpEntityMethodProcessor  : Using 'application/json', given [application/json] and supported [application/json]
2021-05-05 17:13:15.209 DEBUG 16659 --- [http-nio-9221-exec-8] o.s.w.s.m.m.a.HttpEntityMethodProcessor  : Writing [[]]
2021-05-05 17:13:15.210 DEBUG 16659 --- [http-nio-9221-exec-8] o.s.web.servlet.DispatcherServlet        : Completed 200 OK
2021-05-05 17:13:15.204 DEBUG 16659 --- [http-nio-9221-exec-2] o.s.w.s.m.m.a.HttpEntityMethodProcessor  : Using 'application/json', given [application/json] and supported [application/json]
2021-05-05 17:13:15.211 DEBUG 16659 --- [http-nio-9221-exec-2] o.s.w.s.m.m.a.HttpEntityMethodProcessor  : Writing [[]]
2021-05-05 17:13:15.212 DEBUG 16659 --- [http-nio-9221-exec-2] o.s.web.servlet.DispatcherServlet        : Completed 200 OK
2021-05-05 17:13:15.214 DEBUG 16659 --- [http-nio-9221-exec-9] o.s.w.s.m.m.a.HttpEntityMethodProcessor  : Using 'application/json', given [application/json] and supported [application/json]
2021-05-05 17:13:15.214 DEBUG 16659 --- [http-nio-9221-exec-9] o.s.w.s.m.m.a.HttpEntityMethodProcessor  : Writing [[]]
2021-05-05 17:13:15.218 DEBUG 16659 --- [http-nio-9221-exec-9] o.s.web.servlet.DispatcherServlet        : Completed 200 OK
2021-05-05 17:13:15.219 DEBUG 16659 --- [http-nio-9221-exec-12] o.s.web.servlet.DispatcherServlet        : Completed 200 OK
2021-05-05 17:13:15.238 DEBUG 16659 --- [http-nio-9221-exec-5] o.s.web.servlet.DispatcherServlet        : POST "/v1/scanFile", parameters={masked}
2021-05-05 17:13:15.241 DEBUG 16659 --- [http-nio-9221-exec-5] s.w.s.m.m.a.RequestMappingHandlerMapping : Mapped to com.hcl.appscan.customscannersservice.controller.CustomScannersController#runScanFile(MultipartFile, String, int[])
2021-05-05 17:13:15.284 DEBUG 16659 --- [http-nio-9221-exec-5] o.s.w.s.m.m.a.HttpEntityMethodProcessor  : Using 'application/json', given [application/json] and supported [application/json]
2021-05-05 17:13:15.284 DEBUG 16659 --- [http-nio-9221-exec-5] o.s.w.s.m.m.a.HttpEntityMethodProcessor  : Writing [CustomScannerServiceResult{findings=[CustomScannersServiceFinding{file='style_at_rules_constants_tes (truncated)...]
2021-05-05 17:13:15.289 DEBUG 16659 --- [http-nio-9221-exec-5] o.s.web.servlet.DispatcherServlet        : Completed 200 OK
2021-05-05 17:13:15.340 DEBUG 16659 --- [http-nio-9221-exec-6] o.s.web.servlet.DispatcherServlet        : POST "/v1/scanFile", parameters={masked}
2021-05-05 17:13:15.341 DEBUG 16659 --- [http-nio-9221-exec-6] s.w.s.m.m.a.RequestMappingHandlerMapping : Mapped to com.hcl.appscan.customscannersservice.controller.CustomScannersController#runScanFile(MultipartFile, String, int[])
2021-05-05 17:13:15.359 DEBUG 16659 --- [http-nio-9221-exec-6] o.s.w.s.m.m.a.HttpEntityMethodProcessor  : Using 'application/json', given [application/json] and supported [application/json]
2021-05-05 17:13:15.360 DEBUG 16659 --- [http-nio-9221-exec-6] o.s.w.s.m.m.a.HttpEntityMethodProcessor  : Writing [CustomScannerServiceResult{findings=[], articles={}}]
2021-05-05 17:13:15.364 DEBUG 16659 --- [http-nio-9221-exec-6] o.s.web.servlet.DispatcherServlet        : Completed 200 OK
2021-05-05 17:13:39.429 DEBUG 16659 --- [http-nio-9221-exec-7] o.s.web.servlet.DispatcherServlet        : GET "/v1/ignore/ruleName", parameters={}
2021-05-05 17:13:39.429 DEBUG 16659 --- [http-nio-9221-exec-4] o.s.web.servlet.DispatcherServlet        : GET "/v1/ignore/ruleName", parameters={}
2021-05-05 17:13:39.429 DEBUG 16659 --- [http-nio-9221-exec-3] o.s.web.servlet.DispatcherServlet        : GET "/v1/ignore/ruleName", parameters={}
2021-05-05 17:13:39.430 DEBUG 16659 --- [http-nio-9221-exec-7] s.w.s.m.m.a.RequestMappingHandlerMapping : Mapped to com.hcl.appscan.customscannersservice.controller.CustomScannersController#getRuleNameIgnoreRules()
2021-05-05 17:13:39.430 DEBUG 16659 --- [http-nio-9221-exec-3] s.w.s.m.m.a.RequestMappingHandlerMapping : Mapped to com.hcl.appscan.customscannersservice.controller.CustomScannersController#getRuleNameIgnoreRules()
2021-05-05 17:13:39.430 DEBUG 16659 --- [http-nio-9221-exec-4] s.w.s.m.m.a.RequestMappingHandlerMapping : Mapped to com.hcl.appscan.customscannersservice.controller.CustomScannersController#getRuleNameIgnoreRules()
2021-05-05 17:13:39.430 DEBUG 16659 --- [http-nio-9221-exec-4] o.s.w.s.m.m.a.HttpEntityMethodProcessor  : Using 'application/json', given [application/json] and supported [application/json]
2021-05-05 17:13:39.431 DEBUG 16659 --- [http-nio-9221-exec-4] o.s.w.s.m.m.a.HttpEntityMethodProcessor  : Writing [[]]
2021-05-05 17:13:39.431 DEBUG 16659 --- [http-nio-9221-exec-8] o.s.web.servlet.DispatcherServlet        : GET "/v1/ignore/ruleName", parameters={}
2021-05-05 17:13:39.432 DEBUG 16659 --- [http-nio-9221-exec-4] o.s.web.servlet.DispatcherServlet        : Completed 200 OK
2021-05-05 17:13:39.432 DEBUG 16659 --- [http-nio-9221-exec-8] s.w.s.m.m.a.RequestMappingHandlerMapping : Mapped to com.hcl.appscan.customscannersservice.controller.CustomScannersController#getRuleNameIgnoreRules()
2021-05-05 17:13:39.429 DEBUG 16659 --- [http-nio-9221-exec-10] o.s.web.servlet.DispatcherServlet        : GET "/v1/ignore/ruleName", parameters={}
2021-05-05 17:13:39.434 DEBUG 16659 --- [http-nio-9221-exec-2] o.s.web.servlet.DispatcherServlet        : GET "/v1/ignore/ruleName", parameters={}
2021-05-05 17:13:39.435 DEBUG 16659 --- [http-nio-9221-exec-10] s.w.s.m.m.a.RequestMappingHandlerMapping : Mapped to com.hcl.appscan.customscannersservice.controller.CustomScannersController#getRuleNameIgnoreRules()
2021-05-05 17:13:39.435 DEBUG 16659 --- [http-nio-9221-exec-2] s.w.s.m.m.a.RequestMappingHandlerMapping : Mapped to com.hcl.appscan.customscannersservice.controller.CustomScannersController#getRuleNameIgnoreRules()
2021-05-05 17:13:39.435 DEBUG 16659 --- [http-nio-9221-exec-8] o.s.w.s.m.m.a.HttpEntityMethodProcessor  : Using 'application/json', given [application/json] and supported [application/json]
2021-05-05 17:13:39.435 DEBUG 16659 --- [http-nio-9221-exec-8] o.s.w.s.m.m.a.HttpEntityMethodProcessor  : Writing [[]]
2021-05-05 17:13:39.435 DEBUG 16659 --- [http-nio-9221-exec-10] o.s.w.s.m.m.a.HttpEntityMethodProcessor  : Using 'application/json', given [application/json] and supported [application/json]
2021-05-05 17:13:39.435 DEBUG 16659 --- [http-nio-9221-exec-2] o.s.w.s.m.m.a.HttpEntityMethodProcessor  : Using 'application/json', given [application/json] and supported [application/json]
2021-05-05 17:13:39.435 DEBUG 16659 --- [http-nio-9221-exec-10] o.s.w.s.m.m.a.HttpEntityMethodProcessor  : Writing [[]]
2021-05-05 17:13:39.435 DEBUG 16659 --- [http-nio-9221-exec-2] o.s.w.s.m.m.a.HttpEntityMethodProcessor  : Writing [[]]
2021-05-05 17:13:39.436 DEBUG 16659 --- [http-nio-9221-exec-2] o.s.web.servlet.DispatcherServlet        : Completed 200 OK
2021-05-05 17:13:39.429 DEBUG 16659 --- [http-nio-9221-exec-1] o.s.web.servlet.DispatcherServlet        : GET "/v1/ignore/ruleName", parameters={}
2021-05-05 17:13:39.437 DEBUG 16659 --- [http-nio-9221-exec-1] s.w.s.m.m.a.RequestMappingHandlerMapping : Mapped to com.hcl.appscan.customscannersservice.controller.CustomScannersController#getRuleNameIgnoreRules()
2021-05-05 17:13:39.438 DEBUG 16659 --- [http-nio-9221-exec-1] o.s.w.s.m.m.a.HttpEntityMethodProcessor  : Using 'application/json', given [application/json] and supported [application/json]
2021-05-05 17:13:39.429 DEBUG 16659 --- [http-nio-9221-exec-11] o.s.web.servlet.DispatcherServlet        : GET "/v1/ignore/ruleName", parameters={}
2021-05-05 17:13:39.436 DEBUG 16659 --- [http-nio-9221-exec-8] o.s.web.servlet.DispatcherServlet        : Completed 200 OK
2021-05-05 17:13:39.438 DEBUG 16659 --- [http-nio-9221-exec-1] o.s.w.s.m.m.a.HttpEntityMethodProcessor  : Writing [[]]
2021-05-05 17:13:39.438 DEBUG 16659 --- [http-nio-9221-exec-9] o.s.web.servlet.DispatcherServlet        : GET "/v1/ignore/ruleName", parameters={}
2021-05-05 17:13:39.439 DEBUG 16659 --- [http-nio-9221-exec-11] s.w.s.m.m.a.RequestMappingHandlerMapping : Mapped to com.hcl.appscan.customscannersservice.controller.CustomScannersController#getRuleNameIgnoreRules()
2021-05-05 17:13:39.439 DEBUG 16659 --- [http-nio-9221-exec-1] o.s.web.servlet.DispatcherServlet        : Completed 200 OK
2021-05-05 17:13:39.440 DEBUG 16659 --- [http-nio-9221-exec-11] o.s.w.s.m.m.a.HttpEntityMethodProcessor  : Using 'application/json', given [application/json] and supported [application/json]
2021-05-05 17:13:39.440 DEBUG 16659 --- [http-nio-9221-exec-9] s.w.s.m.m.a.RequestMappingHandlerMapping : Mapped to com.hcl.appscan.customscannersservice.controller.CustomScannersController#getRuleNameIgnoreRules()
2021-05-05 17:13:39.430 DEBUG 16659 --- [http-nio-9221-exec-3] o.s.w.s.m.m.a.HttpEntityMethodProcessor  : Using 'application/json', given [application/json] and supported [application/json]
2021-05-05 17:13:39.436 DEBUG 16659 --- [http-nio-9221-exec-10] o.s.web.servlet.DispatcherServlet        : Completed 200 OK
2021-05-05 17:13:39.441 DEBUG 16659 --- [http-nio-9221-exec-3] o.s.w.s.m.m.a.HttpEntityMethodProcessor  : Writing [[]]
2021-05-05 17:13:39.430 DEBUG 16659 --- [http-nio-9221-exec-7] o.s.w.s.m.m.a.HttpEntityMethodProcessor  : Using 'application/json', given [application/json] and supported [application/json]
2021-05-05 17:13:39.442 DEBUG 16659 --- [http-nio-9221-exec-7] o.s.w.s.m.m.a.HttpEntityMethodProcessor  : Writing [[]]
2021-05-05 17:13:39.442 DEBUG 16659 --- [http-nio-9221-exec-9] o.s.w.s.m.m.a.HttpEntityMethodProcessor  : Using 'application/json', given [application/json] and supported [application/json]
2021-05-05 17:13:39.442 DEBUG 16659 --- [http-nio-9221-exec-9] o.s.w.s.m.m.a.HttpEntityMethodProcessor  : Writing [[]]
2021-05-05 17:13:39.443 DEBUG 16659 --- [http-nio-9221-exec-7] o.s.web.servlet.DispatcherServlet        : Completed 200 OK
2021-05-05 17:13:39.443 DEBUG 16659 --- [http-nio-9221-exec-9] o.s.web.servlet.DispatcherServlet        : Completed 200 OK
2021-05-05 17:13:39.439 DEBUG 16659 --- [http-nio-9221-exec-12] o.s.web.servlet.DispatcherServlet        : GET "/v1/ignore/ruleName", parameters={}
2021-05-05 17:13:39.441 DEBUG 16659 --- [http-nio-9221-exec-8] o.s.web.servlet.DispatcherServlet        : GET "/v1/ignore/ruleName", parameters={}
2021-05-05 17:13:39.444 DEBUG 16659 --- [http-nio-9221-exec-12] s.w.s.m.m.a.RequestMappingHandlerMapping : Mapped to com.hcl.appscan.customscannersservice.controller.CustomScannersController#getRuleNameIgnoreRules()
2021-05-05 17:13:39.445 DEBUG 16659 --- [http-nio-9221-exec-12] o.s.w.s.m.m.a.HttpEntityMethodProcessor  : Using 'application/json', given [application/json] and supported [application/json]
2021-05-05 17:13:39.445 DEBUG 16659 --- [http-nio-9221-exec-12] o.s.w.s.m.m.a.HttpEntityMethodProcessor  : Writing [[]]
2021-05-05 17:13:39.446 DEBUG 16659 --- [http-nio-9221-exec-12] o.s.web.servlet.DispatcherServlet        : Completed 200 OK
2021-05-05 17:13:39.441 DEBUG 16659 --- [http-nio-9221-exec-11] o.s.w.s.m.m.a.HttpEntityMethodProcessor  : Writing [[]]
2021-05-05 17:13:39.442 DEBUG 16659 --- [http-nio-9221-exec-5] o.s.web.servlet.DispatcherServlet        : GET "/v1/ignore/ruleName", parameters={}
2021-05-05 17:13:39.444 DEBUG 16659 --- [http-nio-9221-exec-8] s.w.s.m.m.a.RequestMappingHandlerMapping : Mapped to com.hcl.appscan.customscannersservice.controller.CustomScannersController#getRuleNameIgnoreRules()
2021-05-05 17:13:39.448 DEBUG 16659 --- [http-nio-9221-exec-8] o.s.w.s.m.m.a.HttpEntityMethodProcessor  : Using 'application/json', given [application/json] and supported [application/json]
2021-05-05 17:13:39.448 DEBUG 16659 --- [http-nio-9221-exec-5] s.w.s.m.m.a.RequestMappingHandlerMapping : Mapped to com.hcl.appscan.customscannersservice.controller.CustomScannersController#getRuleNameIgnoreRules()
2021-05-05 17:13:39.448 DEBUG 16659 --- [http-nio-9221-exec-8] o.s.w.s.m.m.a.HttpEntityMethodProcessor  : Writing [[]]
2021-05-05 17:13:39.448 DEBUG 16659 --- [http-nio-9221-exec-11] o.s.web.servlet.DispatcherServlet        : Completed 200 OK
2021-05-05 17:13:39.449 DEBUG 16659 --- [http-nio-9221-exec-5] o.s.w.s.m.m.a.HttpEntityMethodProcessor  : Using 'application/json', given [application/json] and supported [application/json]
2021-05-05 17:13:39.449 DEBUG 16659 --- [http-nio-9221-exec-5] o.s.w.s.m.m.a.HttpEntityMethodProcessor  : Writing [[]]
2021-05-05 17:13:39.449 DEBUG 16659 --- [http-nio-9221-exec-8] o.s.web.servlet.DispatcherServlet        : Completed 200 OK
2021-05-05 17:13:39.450 DEBUG 16659 --- [http-nio-9221-exec-5] o.s.web.servlet.DispatcherServlet        : Completed 200 OK
2021-05-05 17:13:39.452 DEBUG 16659 --- [http-nio-9221-exec-3] o.s.web.servlet.DispatcherServlet        : Completed 200 OK
2021-05-05 17:14:01.799 DEBUG 16659 --- [http-nio-9221-exec-4] o.s.web.servlet.DispatcherServlet        : GET "/v1/ignore/ruleName", parameters={}
2021-05-05 17:14:01.800 DEBUG 16659 --- [http-nio-9221-exec-4] s.w.s.m.m.a.RequestMappingHandlerMapping : Mapped to com.hcl.appscan.customscannersservice.controller.CustomScannersController#getRuleNameIgnoreRules()
2021-05-05 17:14:01.801 DEBUG 16659 --- [http-nio-9221-exec-4] o.s.w.s.m.m.a.HttpEntityMethodProcessor  : Using 'application/json', given [application/json] and supported [application/json]
2021-05-05 17:14:01.802 DEBUG 16659 --- [http-nio-9221-exec-4] o.s.w.s.m.m.a.HttpEntityMethodProcessor  : Writing [[]]
2021-05-05 17:14:01.803 DEBUG 16659 --- [http-nio-9221-exec-4] o.s.web.servlet.DispatcherServlet        : Completed 200 OK
2021-05-05 17:14:01.812 DEBUG 16659 --- [http-nio-9221-exec-6] o.s.web.servlet.DispatcherServlet        : GET "/v1/ignore/ruleName", parameters={}
2021-05-05 17:14:01.812 DEBUG 16659 --- [http-nio-9221-exec-2] o.s.web.servlet.DispatcherServlet        : GET "/v1/ignore/ruleName", parameters={}
2021-05-05 17:14:01.813 DEBUG 16659 --- [http-nio-9221-exec-2] s.w.s.m.m.a.RequestMappingHandlerMapping : Mapped to com.hcl.appscan.customscannersservice.controller.CustomScannersController#getRuleNameIgnoreRules()
2021-05-05 17:14:01.814 DEBUG 16659 --- [http-nio-9221-exec-2] o.s.w.s.m.m.a.HttpEntityMethodProcessor  : Using 'application/json', given [application/json] and supported [application/json]
2021-05-05 17:14:01.814 DEBUG 16659 --- [http-nio-9221-exec-2] o.s.w.s.m.m.a.HttpEntityMethodProcessor  : Writing [[]]
2021-05-05 17:14:01.815 DEBUG 16659 --- [http-nio-9221-exec-2] o.s.web.servlet.DispatcherServlet        : Completed 200 OK
2021-05-05 17:14:01.820 DEBUG 16659 --- [http-nio-9221-exec-6] s.w.s.m.m.a.RequestMappingHandlerMapping : Mapped to com.hcl.appscan.customscannersservice.controller.CustomScannersController#getRuleNameIgnoreRules()
2021-05-05 17:14:01.821 DEBUG 16659 --- [http-nio-9221-exec-6] o.s.w.s.m.m.a.HttpEntityMethodProcessor  : Using 'application/json', given [application/json] and supported [application/json]
2021-05-05 17:14:01.821 DEBUG 16659 --- [http-nio-9221-exec-1] o.s.web.servlet.DispatcherServlet        : GET "/v1/ignore/ruleName", parameters={}
2021-05-05 17:14:01.821 DEBUG 16659 --- [http-nio-9221-exec-6] o.s.w.s.m.m.a.HttpEntityMethodProcessor  : Writing [[]]
2021-05-05 17:14:01.821 DEBUG 16659 --- [http-nio-9221-exec-10] o.s.web.servlet.DispatcherServlet        : GET "/v1/ignore/ruleName", parameters={}
2021-05-05 17:14:01.822 DEBUG 16659 --- [http-nio-9221-exec-1] s.w.s.m.m.a.RequestMappingHandlerMapping : Mapped to com.hcl.appscan.customscannersservice.controller.CustomScannersController#getRuleNameIgnoreRules()
2021-05-05 17:14:01.822 DEBUG 16659 --- [http-nio-9221-exec-6] o.s.web.servlet.DispatcherServlet        : Completed 200 OK
2021-05-05 17:14:01.823 DEBUG 16659 --- [http-nio-9221-exec-1] o.s.w.s.m.m.a.HttpEntityMethodProcessor  : Using 'application/json', given [application/json] and supported [application/json]
2021-05-05 17:14:01.823 DEBUG 16659 --- [http-nio-9221-exec-1] o.s.w.s.m.m.a.HttpEntityMethodProcessor  : Writing [[]]
2021-05-05 17:14:01.824 DEBUG 16659 --- [http-nio-9221-exec-1] o.s.web.servlet.DispatcherServlet        : Completed 200 OK
2021-05-05 17:14:01.822 DEBUG 16659 --- [http-nio-9221-exec-10] s.w.s.m.m.a.RequestMappingHandlerMapping : Mapped to com.hcl.appscan.customscannersservice.controller.CustomScannersController#getRuleNameIgnoreRules()
2021-05-05 17:14:01.825 DEBUG 16659 --- [http-nio-9221-exec-10] o.s.w.s.m.m.a.HttpEntityMethodProcessor  : Using 'application/json', given [application/json] and supported [application/json]
2021-05-05 17:14:01.825 DEBUG 16659 --- [http-nio-9221-exec-10] o.s.w.s.m.m.a.HttpEntityMethodProcessor  : Writing [[]]
2021-05-05 17:14:01.826 DEBUG 16659 --- [http-nio-9221-exec-10] o.s.web.servlet.DispatcherServlet        : Completed 200 OK
2021-05-05 17:14:59.244 DEBUG 16659 --- [http-nio-9221-exec-4] o.s.web.servlet.DispatcherServlet        : GET "/v1/ignore/ruleName", parameters={}
2021-05-05 17:14:59.246 DEBUG 16659 --- [http-nio-9221-exec-4] s.w.s.m.m.a.RequestMappingHandlerMapping : Mapped to com.hcl.appscan.customscannersservice.controller.CustomScannersController#getRuleNameIgnoreRules()
2021-05-05 17:14:59.247 DEBUG 16659 --- [http-nio-9221-exec-4] o.s.w.s.m.m.a.HttpEntityMethodProcessor  : Using 'application/json', given [application/json] and supported [application/json]
2021-05-05 17:14:59.247 DEBUG 16659 --- [http-nio-9221-exec-4] o.s.w.s.m.m.a.HttpEntityMethodProcessor  : Writing [[]]
2021-05-05 17:14:59.252 DEBUG 16659 --- [http-nio-9221-exec-4] o.s.web.servlet.DispatcherServlet        : Completed 200 OK
2021-05-05 17:15:06.734 DEBUG 16659 --- [http-nio-9221-exec-12] o.s.web.servlet.DispatcherServlet        : GET "/v1/ignore/ruleName", parameters={}
2021-05-05 17:15:06.735 DEBUG 16659 --- [http-nio-9221-exec-12] s.w.s.m.m.a.RequestMappingHandlerMapping : Mapped to com.hcl.appscan.customscannersservice.controller.CustomScannersController#getRuleNameIgnoreRules()
2021-05-05 17:15:06.736 DEBUG 16659 --- [http-nio-9221-exec-12] o.s.w.s.m.m.a.HttpEntityMethodProcessor  : Using 'application/json', given [application/json] and supported [application/json]
2021-05-05 17:15:06.736 DEBUG 16659 --- [http-nio-9221-exec-12] o.s.w.s.m.m.a.HttpEntityMethodProcessor  : Writing [[]]
2021-05-05 17:15:06.737 DEBUG 16659 --- [http-nio-9221-exec-12] o.s.web.servlet.DispatcherServlet        : Completed 200 OK
2021-05-05 17:15:55.055 DEBUG 16659 --- [http-nio-9221-exec-11] o.s.web.servlet.DispatcherServlet        : GET "/v1/ignore/ruleName", parameters={}
2021-05-05 17:15:55.055 DEBUG 16659 --- [http-nio-9221-exec-11] s.w.s.m.m.a.RequestMappingHandlerMapping : Mapped to com.hcl.appscan.customscannersservice.controller.CustomScannersController#getRuleNameIgnoreRules()
2021-05-05 17:15:55.056 DEBUG 16659 --- [http-nio-9221-exec-11] o.s.w.s.m.m.a.HttpEntityMethodProcessor  : Using 'application/json', given [application/json] and supported [application/json]
2021-05-05 17:15:55.057 DEBUG 16659 --- [http-nio-9221-exec-11] o.s.w.s.m.m.a.HttpEntityMethodProcessor  : Writing [[]]
2021-05-05 17:15:55.057 DEBUG 16659 --- [http-nio-9221-exec-11] o.s.web.servlet.DispatcherServlet        : Completed 200 OK
2021-05-05 17:16:33.462 DEBUG 16659 --- [http-nio-9221-exec-8] o.s.web.servlet.DispatcherServlet        : GET "/v1/ignore/ruleName", parameters={}
2021-05-05 17:16:33.463 DEBUG 16659 --- [http-nio-9221-exec-8] s.w.s.m.m.a.RequestMappingHandlerMapping : Mapped to com.hcl.appscan.customscannersservice.controller.CustomScannersController#getRuleNameIgnoreRules()
2021-05-05 17:16:33.464 DEBUG 16659 --- [http-nio-9221-exec-8] o.s.w.s.m.m.a.HttpEntityMethodProcessor  : Using 'application/json', given [application/json] and supported [application/json]
2021-05-05 17:16:33.464 DEBUG 16659 --- [http-nio-9221-exec-8] o.s.w.s.m.m.a.HttpEntityMethodProcessor  : Writing [[]]
2021-05-05 17:16:33.466 DEBUG 16659 --- [http-nio-9221-exec-8] o.s.web.servlet.DispatcherServlet        : Completed 200 OK
2021-05-05 17:16:56.319 DEBUG 16659 --- [http-nio-9221-exec-5] o.s.web.servlet.DispatcherServlet        : GET "/v1/ignore/ruleName", parameters={}
2021-05-05 17:16:56.320 DEBUG 16659 --- [http-nio-9221-exec-5] s.w.s.m.m.a.RequestMappingHandlerMapping : Mapped to com.hcl.appscan.customscannersservice.controller.CustomScannersController#getRuleNameIgnoreRules()
2021-05-05 17:16:56.321 DEBUG 16659 --- [http-nio-9221-exec-5] o.s.w.s.m.m.a.HttpEntityMethodProcessor  : Using 'application/json', given [application/json] and supported [application/json]
2021-05-05 17:16:56.322 DEBUG 16659 --- [http-nio-9221-exec-5] o.s.w.s.m.m.a.HttpEntityMethodProcessor  : Writing [[]]
2021-05-05 17:16:56.323 DEBUG 16659 --- [http-nio-9221-exec-5] o.s.web.servlet.DispatcherServlet        : Completed 200 OK
2021-05-05 17:17:18.876 DEBUG 16659 --- [http-nio-9221-exec-3] o.s.web.servlet.DispatcherServlet        : GET "/v1/ignore/ruleName", parameters={}
2021-05-05 17:17:18.877 DEBUG 16659 --- [http-nio-9221-exec-3] s.w.s.m.m.a.RequestMappingHandlerMapping : Mapped to com.hcl.appscan.customscannersservice.controller.CustomScannersController#getRuleNameIgnoreRules()
2021-05-05 17:17:18.878 DEBUG 16659 --- [http-nio-9221-exec-3] o.s.w.s.m.m.a.HttpEntityMethodProcessor  : Using 'application/json', given [application/json] and supported [application/json]
2021-05-05 17:17:18.879 DEBUG 16659 --- [http-nio-9221-exec-3] o.s.w.s.m.m.a.HttpEntityMethodProcessor  : Writing [[]]
2021-05-05 17:17:18.880 DEBUG 16659 --- [http-nio-9221-exec-3] o.s.web.servlet.DispatcherServlet        : Completed 200 OK
2021-05-05 17:17:36.723 DEBUG 16659 --- [http-nio-9221-exec-4] o.s.web.servlet.DispatcherServlet        : GET "/v1/ignore/ruleName", parameters={}
2021-05-05 17:17:36.725 DEBUG 16659 --- [http-nio-9221-exec-4] s.w.s.m.m.a.RequestMappingHandlerMapping : Mapped to com.hcl.appscan.customscannersservice.controller.CustomScannersController#getRuleNameIgnoreRules()
2021-05-05 17:17:36.727 DEBUG 16659 --- [http-nio-9221-exec-4] o.s.w.s.m.m.a.HttpEntityMethodProcessor  : Using 'application/json', given [application/json] and supported [application/json]
2021-05-05 17:17:36.728 DEBUG 16659 --- [http-nio-9221-exec-4] o.s.w.s.m.m.a.HttpEntityMethodProcessor  : Writing [[]]
2021-05-05 17:17:36.731 DEBUG 16659 --- [http-nio-9221-exec-4] o.s.web.servlet.DispatcherServlet        : Completed 200 OK
2021-05-05 17:18:08.854 DEBUG 16659 --- [http-nio-9221-exec-2] o.s.web.servlet.DispatcherServlet        : GET "/v1/ignore/ruleName", parameters={}
2021-05-05 17:18:08.856 DEBUG 16659 --- [http-nio-9221-exec-2] s.w.s.m.m.a.RequestMappingHandlerMapping : Mapped to com.hcl.appscan.customscannersservice.controller.CustomScannersController#getRuleNameIgnoreRules()
2021-05-05 17:18:08.859 DEBUG 16659 --- [http-nio-9221-exec-2] o.s.w.s.m.m.a.HttpEntityMethodProcessor  : Using 'application/json', given [application/json] and supported [application/json]
2021-05-05 17:18:08.859 DEBUG 16659 --- [http-nio-9221-exec-2] o.s.w.s.m.m.a.HttpEntityMethodProcessor  : Writing [[]]
2021-05-05 17:18:08.861 DEBUG 16659 --- [http-nio-9221-exec-2] o.s.web.servlet.DispatcherServlet        : Completed 200 OK
2021-05-05 17:18:45.128 DEBUG 16659 --- [http-nio-9221-exec-6] o.s.web.servlet.DispatcherServlet        : GET "/v1/ignore/ruleName", parameters={}
2021-05-05 17:18:45.129 DEBUG 16659 --- [http-nio-9221-exec-6] s.w.s.m.m.a.RequestMappingHandlerMapping : Mapped to com.hcl.appscan.customscannersservice.controller.CustomScannersController#getRuleNameIgnoreRules()
2021-05-05 17:18:45.129 DEBUG 16659 --- [http-nio-9221-exec-6] o.s.w.s.m.m.a.HttpEntityMethodProcessor  : Using 'application/json', given [application/json] and supported [application/json]
2021-05-05 17:18:45.130 DEBUG 16659 --- [http-nio-9221-exec-6] o.s.w.s.m.m.a.HttpEntityMethodProcessor  : Writing [[]]
2021-05-05 17:18:45.132 DEBUG 16659 --- [http-nio-9221-exec-6] o.s.web.servlet.DispatcherServlet        : Completed 200 OK
2021-05-05 17:18:56.130 DEBUG 16659 --- [http-nio-9221-exec-1] o.s.web.servlet.DispatcherServlet        : GET "/v1/ignore/ruleName", parameters={}
2021-05-05 17:18:56.131 DEBUG 16659 --- [http-nio-9221-exec-1] s.w.s.m.m.a.RequestMappingHandlerMapping : Mapped to com.hcl.appscan.customscannersservice.controller.CustomScannersController#getRuleNameIgnoreRules()
2021-05-05 17:18:56.131 DEBUG 16659 --- [http-nio-9221-exec-1] o.s.w.s.m.m.a.HttpEntityMethodProcessor  : Using 'application/json', given [application/json] and supported [application/json]
2021-05-05 17:18:56.132 DEBUG 16659 --- [http-nio-9221-exec-1] o.s.w.s.m.m.a.HttpEntityMethodProcessor  : Writing [[]]
2021-05-05 17:18:56.133 DEBUG 16659 --- [http-nio-9221-exec-1] o.s.web.servlet.DispatcherServlet        : Completed 200 OK
2021-05-05 17:19:26.857 DEBUG 16659 --- [http-nio-9221-exec-10] o.s.web.servlet.DispatcherServlet        : GET "/v1/ignore/ruleName", parameters={}
2021-05-05 17:19:26.859 DEBUG 16659 --- [http-nio-9221-exec-10] s.w.s.m.m.a.RequestMappingHandlerMapping : Mapped to com.hcl.appscan.customscannersservice.controller.CustomScannersController#getRuleNameIgnoreRules()
2021-05-05 17:19:26.860 DEBUG 16659 --- [http-nio-9221-exec-10] o.s.w.s.m.m.a.HttpEntityMethodProcessor  : Using 'application/json', given [application/json] and supported [application/json]
2021-05-05 17:19:26.861 DEBUG 16659 --- [http-nio-9221-exec-10] o.s.w.s.m.m.a.HttpEntityMethodProcessor  : Writing [[]]
2021-05-05 17:19:26.862 DEBUG 16659 --- [http-nio-9221-exec-10] o.s.web.servlet.DispatcherServlet        : Completed 200 OK
2021-05-05 17:20:07.727 DEBUG 16659 --- [http-nio-9221-exec-12] o.s.web.servlet.DispatcherServlet        : GET "/v1/ignore/ruleName", parameters={}
2021-05-05 17:20:07.728 DEBUG 16659 --- [http-nio-9221-exec-12] s.w.s.m.m.a.RequestMappingHandlerMapping : Mapped to com.hcl.appscan.customscannersservice.controller.CustomScannersController#getRuleNameIgnoreRules()
2021-05-05 17:20:07.729 DEBUG 16659 --- [http-nio-9221-exec-12] o.s.w.s.m.m.a.HttpEntityMethodProcessor  : Using 'application/json', given [application/json] and supported [application/json]
2021-05-05 17:20:07.729 DEBUG 16659 --- [http-nio-9221-exec-12] o.s.w.s.m.m.a.HttpEntityMethodProcessor  : Writing [[]]
2021-05-05 17:20:07.731 DEBUG 16659 --- [http-nio-9221-exec-12] o.s.web.servlet.DispatcherServlet        : Completed 200 OK
2021-05-05 17:20:38.695 DEBUG 16659 --- [http-nio-9221-exec-11] o.s.web.servlet.DispatcherServlet        : GET "/v1/ignore/ruleName", parameters={}
2021-05-05 17:20:38.697 DEBUG 16659 --- [http-nio-9221-exec-11] s.w.s.m.m.a.RequestMappingHandlerMapping : Mapped to com.hcl.appscan.customscannersservice.controller.CustomScannersController#getRuleNameIgnoreRules()
2021-05-05 17:20:38.698 DEBUG 16659 --- [http-nio-9221-exec-11] o.s.w.s.m.m.a.HttpEntityMethodProcessor  : Using 'application/json', given [application/json] and supported [application/json]
2021-05-05 17:20:38.699 DEBUG 16659 --- [http-nio-9221-exec-11] o.s.w.s.m.m.a.HttpEntityMethodProcessor  : Writing [[]]
2021-05-05 17:20:38.701 DEBUG 16659 --- [http-nio-9221-exec-11] o.s.web.servlet.DispatcherServlet        : Completed 200 OK
